2026-01-18 13:21:54 - INFO - ========================================================================================================================================================================================================
2026-01-18 13:21:54 - INFO - Executing LLAMBO (discriminative | top_pct: None) to tune DecisionTree on breast with seed 1 / 1...
2026-01-18 13:21:54 - INFO - Task context: {'model': 'DecisionTree', 'task': 'classification', 'tot_feats': 30, 'cat_feats': 0, 'num_feats': 30, 'n_classes': 2, 'metric': 'accuracy', 'lower_is_better': False, 'num_samples': 455, 'hyperparameter_constraints': {'max_depth': ['int', 'linear', [1, 15]], 'max_features': ['float', 'logit', [0.01, 0.99]], 'min_impurity_decrease': ['float', 'linear', [0.0, 0.5]], 'min_samples_leaf': ['float', 'logit', [0.01, 0.49]], 'min_samples_split': ['float', 'logit', [0.01, 0.99]], 'min_weight_fraction_leaf': ['float', 'logit', [0.01, 0.49]]}}
2026-01-18 13:40:41 - INFO - [LLAMBO] Query cost: 1.3441
2026-01-18 13:40:41 - INFO - [LLAMBO] Query time: 1109.8067
2026-01-18 13:40:41 - INFO -     max_depth  max_features  min_impurity_decrease  min_samples_leaf  ...     score  generalization_score  max  min
0           9      0.267459               0.301382          0.083360  ...  0.907692              0.903509    0    0
1           7      0.602079               0.481831          0.044472  ...  0.637363              0.587719    0    1
2           9      0.703320               0.035518          0.014037  ...  0.883516              0.903509    0    0
3          12      0.544787               0.489309          0.224251  ...  0.637363              0.587719    0    0
4           3      0.189256               0.071677          0.395071  ...  0.903297              0.894737    0    0
5          11      0.990000               0.000000          0.010000  ...  0.923077              0.964912    0    0
6          15      0.990000               0.000000          0.010000  ...  0.828571              0.859649    0    0
7          15      0.990000               0.000000          0.010000  ...  0.892308              0.903509    0    0
8          15      0.990000               0.000000          0.010000  ...  0.923077              0.947368    0    0
9          15      0.990000               0.000000          0.010000  ...  0.892308              0.903509    0    0
10         15      0.990000               0.000000          0.010000  ...  0.892308              0.903509    0    0
11          9      0.260000               0.000000          0.020000  ...  0.907692              0.903509    0    0
12         15      0.990000               0.000000          0.010000  ...  0.927473              0.964912    1    0
13         15      0.990000               0.000000          0.010000  ...  0.896703              0.903509    0    0
14         15      0.990000               0.000000          0.010000  ...  0.892308              0.903509    0    0
15         15      0.990000               0.000000          0.010000  ...  0.923077              0.964912    0    0
16         15      0.980000               0.000000          0.020000  ...  0.927473              0.964912    0    0
17         15      0.980000               0.000000          0.020000  ...  0.920879              0.921053    0    0
18         15      0.990000               0.000000          0.020000  ...  0.927473              0.964912    0    0
19         15      0.990000               0.000000          0.010000  ...  0.892308              0.903509    0    0
20         15      0.980000               0.000000          0.020000  ...  0.923077              0.964912    0    0
21         10      0.620000               0.000000          0.070000  ...  0.909890              0.912281    0    0
22         15      0.980000               0.000000          0.010000  ...  0.923077              0.947368    0    0
23         15      0.990000               0.000000          0.010000  ...  0.927473              0.964912    0    0
24         15      0.990000               0.000000          0.010000  ...  0.923077              0.947368    0    0
25         15      0.990000               0.000000          0.020000  ...  0.923077              0.964912    0    0
26         15      0.980000               0.000000          0.020000  ...  0.927473              0.964912    0    0
27         15      0.980000               0.000000          0.010000  ...  0.927473              0.964912    0    0
28         15      0.980000               0.000000          0.010000  ...  0.927473              0.964912    0    0
29         14      0.780000               0.000000          0.010000  ...  0.883516              0.903509    0    0

[30 rows x 10 columns]
2026-01-18 13:40:41 - INFO - [LLAMBO] RUN COMPLETE, saved results to /Users/davide/Desktop/Artificial Intelligence/llambo/exp_bayesmark/results_discriminative/breast/DecisionTree...
2026-01-18 13:40:41 - INFO - ========================================================================================================================================================================================================
2026-01-18 13:40:41 - INFO - [LLAMBO] 1 evaluation runs complete! Total cost: $1.3441
