2026-01-13 20:52:33 - INFO - ========================================================================================================================================================================================================
2026-01-13 20:52:33 - INFO - Executing LLAMBO (discriminative | top_pct: None) to tune RandomForest on breast with seed 1 / 1...
2026-01-13 20:52:33 - INFO - Task context: {'model': 'RandomForest', 'task': 'classification', 'tot_feats': 30, 'cat_feats': 0, 'num_feats': 30, 'n_classes': 2, 'metric': 'accuracy', 'lower_is_better': False, 'num_samples': 455, 'hyperparameter_constraints': {'max_depth': ['int', 'linear', [1, 15]], 'max_features': ['float', 'logit', [0.01, 0.99]], 'min_impurity_decrease': ['float', 'linear', [0.0, 0.5]], 'min_samples_leaf': ['float', 'logit', [0.01, 0.49]], 'min_samples_split': ['float', 'logit', [0.01, 0.99]], 'min_weight_fraction_leaf': ['float', 'logit', [0.01, 0.49]]}}
2026-01-13 21:10:57 - INFO - [LLAMBO] Query cost: 1.2562
2026-01-13 21:10:57 - INFO - [LLAMBO] Query time: 1086.0507
2026-01-13 21:10:57 - INFO -     max_depth  max_features  min_impurity_decrease  min_samples_leaf  ...     score  generalization_score  max  min
0           9      0.267459               0.301382          0.083360  ...  0.909890              0.903509    0    0
1           7      0.602079               0.481831          0.044472  ...  0.637363              0.587719    0    1
2           9      0.703320               0.035518          0.014037  ...  0.912088              0.903509    0    0
3          12      0.544787               0.489309          0.224251  ...  0.637363              0.587719    0    0
4           3      0.189256               0.071677          0.395071  ...  0.637363              0.587719    0    0
5          15      0.990000               0.000000          0.010000  ...  0.945055              0.973684    0    0
6          15      0.980000               0.000000          0.010000  ...  0.945055              0.973684    0    0
7          15      0.960000               0.000000          0.010000  ...  0.947253              0.964912    0    0
8          15      0.920000               0.000000          0.010000  ...  0.947253              0.956140    0    0
9          14      0.980000               0.000000          0.010000  ...  0.945055              0.973684    0    0
10         14      0.990000               0.000000          0.010000  ...  0.945055              0.973684    0    0
11         10      0.970000               0.000000          0.010000  ...  0.945055              0.973684    0    0
12         15      0.900000               0.000000          0.010000  ...  0.947253              0.956140    0    0
13         15      0.970000               0.000000          0.010000  ...  0.945055              0.973684    0    0
14         15      0.810000               0.000000          0.020000  ...  0.942857              0.982456    0    0
15         14      0.980000               0.000000          0.020000  ...  0.940659              0.973684    0    0
16         15      0.990000               0.000000          0.020000  ...  0.940659              0.973684    0    0
17         15      0.770000               0.000000          0.010000  ...  0.951648              0.973684    1    0
18         11      0.840000               0.000000          0.010000  ...  0.945055              0.956140    0    0
19         15      0.810000               0.000000          0.010000  ...  0.951648              0.956140    0    0
20         15      0.710000               0.000000          0.010000  ...  0.947253              0.956140    0    0
21         15      0.740000               0.000000          0.010000  ...  0.945055              0.964912    0    0
22         15      0.680000               0.000000          0.010000  ...  0.942857              0.973684    0    0
23         15      0.930000               0.000000          0.010000  ...  0.947253              0.956140    0    0
24          8      0.860000               0.000000          0.010000  ...  0.927473              0.938596    0    0
25         11      0.800000               0.000000          0.010000  ...  0.951648              0.956140    0    0
26         15      0.850000               0.000000          0.010000  ...  0.945055              0.956140    0    0
27         15      0.590000               0.000000          0.010000  ...  0.940659              0.973684    0    0
28         15      0.670000               0.000000          0.010000  ...  0.942857              0.973684    0    0
29         15      0.860000               0.000000          0.010000  ...  0.945055              0.956140    0    0

[30 rows x 10 columns]
2026-01-13 21:10:57 - INFO - [LLAMBO] RUN COMPLETE, saved results to /Users/davide/Desktop/Artificial Intelligence/llambo/exp_bayesmark/results_discriminative/breast/RandomForest...
2026-01-13 21:10:57 - INFO - ========================================================================================================================================================================================================
2026-01-13 21:10:57 - INFO - [LLAMBO] 1 evaluation runs complete! Total cost: $1.2562
