2026-01-15 10:51:32 - INFO - ========================================================================================================================================================================================================
2026-01-15 10:51:32 - INFO - Executing LLAMBO (discriminative | top_pct: None) to tune DecisionTree on iris with seed 1 / 1...
2026-01-15 10:51:32 - INFO - Task context: {'model': 'DecisionTree', 'task': 'classification', 'tot_feats': 4, 'cat_feats': 0, 'num_feats': 4, 'n_classes': 3, 'metric': 'accuracy', 'lower_is_better': False, 'num_samples': 120, 'hyperparameter_constraints': {'max_depth': ['int', 'linear', [1, 15]], 'max_features': ['float', 'logit', [0.01, 0.99]], 'min_impurity_decrease': ['float', 'linear', [0.0, 0.5]], 'min_samples_leaf': ['float', 'logit', [0.01, 0.49]], 'min_samples_split': ['float', 'logit', [0.01, 0.99]], 'min_weight_fraction_leaf': ['float', 'logit', [0.01, 0.49]]}}
2026-01-15 11:10:28 - INFO - [LLAMBO] Query cost: 1.4008
2026-01-15 11:10:28 - INFO - [LLAMBO] Query time: 1122.3693
2026-01-15 11:10:28 - INFO -     max_depth  max_features  min_impurity_decrease  min_samples_leaf  ...     score  generalization_score  max  min
0           9      0.267459               0.301382          0.083360  ...  0.366667              0.200000    0    1
1           7      0.602079               0.481831          0.044472  ...  0.366667              0.200000    0    0
2           9      0.703320               0.035518          0.014037  ...  0.950000              0.966667    1    0
3          12      0.544787               0.489309          0.224251  ...  0.366667              0.200000    0    0
4           3      0.189256               0.071677          0.395071  ...  0.533333              0.666667    0    0
5          15      0.990000               0.000000          0.030000  ...  0.941667              0.966667    0    0
6           9      0.740000               0.000000          0.010000  ...  0.950000              0.966667    0    0
7          15      0.990000               0.000000          0.010000  ...  0.941667              0.966667    0    0
8          15      0.990000               0.000000          0.010000  ...  0.950000              0.966667    0    0
9          15      0.990000               0.000000          0.010000  ...  0.941667              0.966667    0    0
10         15      0.990000               0.000000          0.010000  ...  0.950000              1.000000    0    0
11         15      0.980000               0.000000          0.010000  ...  0.941667              1.000000    0    0
12         15      0.990000               0.000000          0.010000  ...  0.950000              1.000000    0    0
13         15      0.990000               0.000000          0.010000  ...  0.941667              0.966667    0    0
14         15      0.980000               0.000000          0.010000  ...  0.566667              0.566667    0    0
15         10      0.660000               0.000000          0.070000  ...  0.950000              0.966667    0    0
16          9      0.680000               0.000000          0.020000  ...  0.950000              0.966667    0    0
17         15      0.990000               0.000000          0.020000  ...  0.941667              0.966667    0    0
18         10      0.510000               0.000000          0.040000  ...  0.950000              0.966667    0    0
19          8      0.450000               0.000000          0.180000  ...  0.741667              0.800000    0    0
20         12      0.590000               0.000000          0.030000  ...  0.950000              0.966667    0    0
21         15      0.990000               0.000000          0.010000  ...  0.941667              1.000000    0    0
22         14      0.770000               0.000000          0.010000  ...  0.941667              0.966667    0    0
23         15      0.990000               0.000000          0.010000  ...  0.941667              0.966667    0    0
24         14      0.900000               0.000000          0.010000  ...  0.941667              0.966667    0    0
25         15      0.990000               0.000000          0.010000  ...  0.950000              0.966667    0    0
26          9      0.740000               0.000000          0.010000  ...  0.950000              0.966667    0    0
27          9      0.670000               0.000000          0.010000  ...  0.950000              0.966667    0    0
28          9      0.670000               0.000000          0.010000  ...  0.950000              0.966667    0    0
29         14      0.900000               0.000000          0.010000  ...  0.950000              1.000000    0    0

[30 rows x 10 columns]
2026-01-15 11:10:28 - INFO - [LLAMBO] RUN COMPLETE, saved results to /Users/davide/Desktop/Artificial Intelligence/llambo/exp_bayesmark/results_discriminative/iris/DecisionTree...
2026-01-15 11:10:28 - INFO - ========================================================================================================================================================================================================
2026-01-15 11:10:28 - INFO - [LLAMBO] 1 evaluation runs complete! Total cost: $1.4008
