2026-01-15 10:19:11 - INFO - ========================================================================================================================================================================================================
2026-01-15 10:19:11 - INFO - Executing LLAMBO (discriminative | top_pct: None) to tune RandomForest on iris with seed 1 / 1...
2026-01-15 10:19:11 - INFO - Task context: {'model': 'RandomForest', 'task': 'classification', 'tot_feats': 4, 'cat_feats': 0, 'num_feats': 4, 'n_classes': 3, 'metric': 'accuracy', 'lower_is_better': False, 'num_samples': 120, 'hyperparameter_constraints': {'max_depth': ['int', 'linear', [1, 15]], 'max_features': ['float', 'logit', [0.01, 0.99]], 'min_impurity_decrease': ['float', 'linear', [0.0, 0.5]], 'min_samples_leaf': ['float', 'logit', [0.01, 0.49]], 'min_samples_split': ['float', 'logit', [0.01, 0.99]], 'min_weight_fraction_leaf': ['float', 'logit', [0.01, 0.49]]}}
2026-01-15 10:35:08 - INFO - [LLAMBO] Query cost: 1.2423
2026-01-15 10:35:08 - INFO - [LLAMBO] Query time: 941.1433
2026-01-15 10:35:08 - INFO -     max_depth  max_features  min_impurity_decrease  min_samples_leaf  ...     score  generalization_score  max  min
0           9      0.267459               0.301382          0.083360  ...  0.908333              0.566667    0    0
1           7      0.602079               0.481831          0.044472  ...  0.350000              0.200000    0    1
2           9      0.703320               0.035518          0.014037  ...  0.916667              0.966667    0    0
3          12      0.544787               0.489309          0.224251  ...  0.350000              0.200000    0    0
4           3      0.189256               0.071677          0.395071  ...  0.350000              0.200000    0    0
5          15      0.990000               0.000000          0.010000  ...  0.691667              0.633333    0    0
6          15      0.990000               0.000000          0.010000  ...  0.941667              0.966667    0    0
7          15      0.990000               0.000000          0.010000  ...  0.350000              0.200000    0    0
8          15      0.990000               0.000000          0.010000  ...  0.691667              0.633333    0    0
9          15      0.990000               0.000000          0.010000  ...  0.941667              0.966667    0    0
10         15      0.990000               0.000000          0.010000  ...  0.933333              0.966667    0    0
11         15      0.990000               0.000000          0.010000  ...  0.950000              1.000000    1    0
12         15      0.990000               0.000000          0.010000  ...  0.933333              1.000000    0    0
13         15      0.990000               0.000000          0.010000  ...  0.941667              0.966667    0    0
14         15      0.990000               0.000000          0.010000  ...  0.950000              1.000000    0    0
15         15      0.990000               0.000000          0.010000  ...  0.950000              0.966667    0    0
16         15      0.990000               0.000000          0.010000  ...  0.941667              1.000000    0    0
17         15      0.990000               0.000000          0.020000  ...  0.941667              0.966667    0    0
18         15      0.990000               0.000000          0.020000  ...  0.941667              1.000000    0    0
19         15      0.990000               0.000000          0.020000  ...  0.950000              0.966667    0    0
20         15      0.990000               0.000000          0.010000  ...  0.933333              0.966667    0    0
21         15      0.990000               0.000000          0.010000  ...  0.941667              0.966667    0    0
22         15      0.990000               0.000000          0.010000  ...  0.941667              0.966667    0    0
23         15      0.990000               0.000000          0.010000  ...  0.950000              0.966667    0    0
24         10      0.930000               0.000000          0.030000  ...  0.941667              0.966667    0    0
25         15      0.990000               0.000000          0.020000  ...  0.950000              0.966667    0    0
26         15      0.990000               0.000000          0.020000  ...  0.950000              1.000000    0    0
27         15      0.990000               0.000000          0.010000  ...  0.950000              0.966667    0    0
28         15      0.990000               0.000000          0.010000  ...  0.950000              1.000000    0    0
29         15      0.990000               0.000000          0.010000  ...  0.950000              1.000000    0    0

[30 rows x 10 columns]
2026-01-15 10:35:08 - INFO - [LLAMBO] RUN COMPLETE, saved results to /Users/davide/Desktop/Artificial Intelligence/llambo/exp_bayesmark/results_discriminative/iris/RandomForest...
2026-01-15 10:35:08 - INFO - ========================================================================================================================================================================================================
2026-01-15 10:35:08 - INFO - [LLAMBO] 1 evaluation runs complete! Total cost: $1.2423
